[0.352s] DEBUG:colcon:Command line arguments: ['/usr/bin/colcon', 'build']
[0.353s] DEBUG:colcon:Parsed command line arguments: Namespace(log_base=None, log_level=None, verb_name='build', build_base='build', install_base='install', merge_install=False, symlink_install=False, test_result_base=None, continue_on_error=False, executor='parallel', parallel_workers=8, event_handlers=None, ignore_user_meta=False, metas=['./colcon.meta'], base_paths=['.'], packages_ignore=None, packages_ignore_regex=None, paths=None, packages_up_to=None, packages_up_to_regex=None, packages_above=None, packages_above_and_dependencies=None, packages_above_depth=None, packages_select_by_dep=None, packages_skip_by_dep=None, packages_skip_up_to=None, packages_select_build_failed=False, packages_skip_build_finished=False, packages_select_test_failures=False, packages_skip_test_passed=False, packages_select=None, packages_skip=None, packages_select_regex=None, packages_skip_regex=None, packages_start=None, packages_end=None, allow_overriding=[], cmake_args=None, cmake_target=None, cmake_target_skip_unavailable=False, cmake_clean_cache=False, cmake_clean_first=False, cmake_force_configure=False, ament_cmake_args=None, catkin_cmake_args=None, catkin_skip_building_tests=False, verb_parser=<colcon_defaults.argument_parser.defaults.DefaultArgumentsDecorator object at 0x787089a04ac0>, verb_extension=<colcon_core.verb.build.BuildVerb object at 0x787089b055d0>, main=<bound method BuildVerb.main of <colcon_core.verb.build.BuildVerb object at 0x787089b055d0>>)
[0.637s] Level 1:colcon.colcon_core.package_discovery:discover_packages(colcon_meta) check parameters
[0.637s] Level 1:colcon.colcon_core.package_discovery:discover_packages(recursive) check parameters
[0.637s] Level 1:colcon.colcon_core.package_discovery:discover_packages(ignore) check parameters
[0.637s] Level 1:colcon.colcon_core.package_discovery:discover_packages(path) check parameters
[0.637s] Level 1:colcon.colcon_core.package_discovery:discover_packages(colcon_meta) discover
[0.637s] Level 1:colcon.colcon_core.package_discovery:discover_packages(recursive) discover
[0.637s] INFO:colcon.colcon_core.package_discovery:Crawling recursively for packages in '/home/oiomestre674/Turtlebot-teleoperado'
[0.637s] Level 1:colcon.colcon_core.package_identification:_identify(.) by extensions ['ignore', 'ignore_ament_install']
[0.637s] Level 1:colcon.colcon_core.package_identification:_identify(.) by extension 'ignore'
[0.637s] Level 1:colcon.colcon_core.package_identification:_identify(.) by extension 'ignore_ament_install'
[0.637s] Level 1:colcon.colcon_core.package_identification:_identify(.) by extensions ['colcon_pkg']
[0.637s] Level 1:colcon.colcon_core.package_identification:_identify(.) by extension 'colcon_pkg'
[0.638s] Level 1:colcon.colcon_core.package_identification:_identify(.) by extensions ['colcon_meta']
[0.638s] Level 1:colcon.colcon_core.package_identification:_identify(.) by extension 'colcon_meta'
[0.638s] Level 1:colcon.colcon_core.package_identification:_identify(.) by extensions ['ros']
[0.638s] Level 1:colcon.colcon_core.package_identification:_identify(.) by extension 'ros'
[0.648s] Level 1:colcon.colcon_core.package_identification:_identify(.) by extensions ['cmake', 'python']
[0.648s] Level 1:colcon.colcon_core.package_identification:_identify(.) by extension 'cmake'
[0.648s] Level 1:colcon.colcon_core.package_identification:_identify(.) by extension 'python'
[0.648s] Level 1:colcon.colcon_core.package_identification:_identify(.) by extensions ['python_setup_py']
[0.648s] Level 1:colcon.colcon_core.package_identification:_identify(.) by extension 'python_setup_py'
[0.648s] Level 1:colcon.colcon_core.package_identification:_identify(build) by extensions ['ignore', 'ignore_ament_install']
[0.648s] Level 1:colcon.colcon_core.package_identification:_identify(build) by extension 'ignore'
[0.648s] Level 1:colcon.colcon_core.package_identification:_identify(build) ignored
[0.648s] Level 1:colcon.colcon_core.package_identification:_identify(install) by extensions ['ignore', 'ignore_ament_install']
[0.648s] Level 1:colcon.colcon_core.package_identification:_identify(install) by extension 'ignore'
[0.648s] Level 1:colcon.colcon_core.package_identification:_identify(install) ignored
[0.648s] Level 1:colcon.colcon_core.package_identification:_identify(log) by extensions ['ignore', 'ignore_ament_install']
[0.648s] Level 1:colcon.colcon_core.package_identification:_identify(log) by extension 'ignore'
[0.649s] Level 1:colcon.colcon_core.package_identification:_identify(log) ignored
[0.649s] Level 1:colcon.colcon_core.package_identification:_identify(src) by extensions ['ignore', 'ignore_ament_install']
[0.649s] Level 1:colcon.colcon_core.package_identification:_identify(src) by extension 'ignore'
[0.649s] Level 1:colcon.colcon_core.package_identification:_identify(src) by extension 'ignore_ament_install'
[0.649s] Level 1:colcon.colcon_core.package_identification:_identify(src) by extensions ['colcon_pkg']
[0.649s] Level 1:colcon.colcon_core.package_identification:_identify(src) by extension 'colcon_pkg'
[0.649s] Level 1:colcon.colcon_core.package_identification:_identify(src) by extensions ['colcon_meta']
[0.649s] Level 1:colcon.colcon_core.package_identification:_identify(src) by extension 'colcon_meta'
[0.649s] Level 1:colcon.colcon_core.package_identification:_identify(src) by extensions ['ros']
[0.649s] Level 1:colcon.colcon_core.package_identification:_identify(src) by extension 'ros'
[0.649s] Level 1:colcon.colcon_core.package_identification:_identify(src) by extensions ['cmake', 'python']
[0.649s] Level 1:colcon.colcon_core.package_identification:_identify(src) by extension 'cmake'
[0.649s] Level 1:colcon.colcon_core.package_identification:_identify(src) by extension 'python'
[0.649s] Level 1:colcon.colcon_core.package_identification:_identify(src) by extensions ['python_setup_py']
[0.649s] Level 1:colcon.colcon_core.package_identification:_identify(src) by extension 'python_setup_py'
[0.649s] Level 1:colcon.colcon_core.package_identification:_identify(src/turtlebot_teleop) by extensions ['ignore', 'ignore_ament_install']
[0.649s] Level 1:colcon.colcon_core.package_identification:_identify(src/turtlebot_teleop) by extension 'ignore'
[0.649s] Level 1:colcon.colcon_core.package_identification:_identify(src/turtlebot_teleop) by extension 'ignore_ament_install'
[0.649s] Level 1:colcon.colcon_core.package_identification:_identify(src/turtlebot_teleop) by extensions ['colcon_pkg']
[0.650s] Level 1:colcon.colcon_core.package_identification:_identify(src/turtlebot_teleop) by extension 'colcon_pkg'
[0.650s] Level 1:colcon.colcon_core.package_identification:_identify(src/turtlebot_teleop) by extensions ['colcon_meta']
[0.650s] Level 1:colcon.colcon_core.package_identification:_identify(src/turtlebot_teleop) by extension 'colcon_meta'
[0.650s] Level 1:colcon.colcon_core.package_identification:_identify(src/turtlebot_teleop) by extensions ['ros']
[0.650s] Level 1:colcon.colcon_core.package_identification:_identify(src/turtlebot_teleop) by extension 'ros'
[0.652s] DEBUG:colcon.colcon_core.package_identification:Package 'src/turtlebot_teleop' with type 'ros.ament_python' and name 'turtlebot_teleop'
[0.652s] Level 1:colcon.colcon_core.package_discovery:discover_packages(recursive) using defaults
[0.652s] Level 1:colcon.colcon_core.package_discovery:discover_packages(ignore) discover
[0.652s] Level 1:colcon.colcon_core.package_discovery:discover_packages(ignore) using defaults
[0.652s] Level 1:colcon.colcon_core.package_discovery:discover_packages(path) discover
[0.652s] Level 1:colcon.colcon_core.package_discovery:discover_packages(path) using defaults
[0.669s] Level 1:colcon.colcon_core.package_discovery:discover_packages(prefix_path) check parameters
[0.669s] Level 1:colcon.colcon_core.package_discovery:discover_packages(prefix_path) discover
[0.670s] DEBUG:colcon.colcon_installed_package_information.package_discovery:Found 1 installed packages in /home/oiomestre674/Turtlebot-teleoperado/install
[0.672s] DEBUG:colcon.colcon_installed_package_information.package_discovery:Found 398 installed packages in /opt/ros/humble
[0.683s] Level 1:colcon.colcon_core.package_discovery:discover_packages(prefix_path) using defaults
[0.730s] Level 5:colcon.colcon_core.verb:set package 'turtlebot_teleop' build argument 'cmake_args' from command line to 'None'
[0.730s] Level 5:colcon.colcon_core.verb:set package 'turtlebot_teleop' build argument 'cmake_target' from command line to 'None'
[0.730s] Level 5:colcon.colcon_core.verb:set package 'turtlebot_teleop' build argument 'cmake_target_skip_unavailable' from command line to 'False'
[0.730s] Level 5:colcon.colcon_core.verb:set package 'turtlebot_teleop' build argument 'cmake_clean_cache' from command line to 'False'
[0.730s] Level 5:colcon.colcon_core.verb:set package 'turtlebot_teleop' build argument 'cmake_clean_first' from command line to 'False'
[0.730s] Level 5:colcon.colcon_core.verb:set package 'turtlebot_teleop' build argument 'cmake_force_configure' from command line to 'False'
[0.731s] Level 5:colcon.colcon_core.verb:set package 'turtlebot_teleop' build argument 'ament_cmake_args' from command line to 'None'
[0.731s] Level 5:colcon.colcon_core.verb:set package 'turtlebot_teleop' build argument 'catkin_cmake_args' from command line to 'None'
[0.731s] Level 5:colcon.colcon_core.verb:set package 'turtlebot_teleop' build argument 'catkin_skip_building_tests' from command line to 'False'
[0.731s] DEBUG:colcon.colcon_core.verb:Building package 'turtlebot_teleop' with the following arguments: {'ament_cmake_args': None, 'build_base': '/home/oiomestre674/Turtlebot-teleoperado/build/turtlebot_teleop', 'catkin_cmake_args': None, 'catkin_skip_building_tests': False, 'cmake_args': None, 'cmake_clean_cache': False, 'cmake_clean_first': False, 'cmake_force_configure': False, 'cmake_target': None, 'cmake_target_skip_unavailable': False, 'install_base': '/home/oiomestre674/Turtlebot-teleoperado/install/turtlebot_teleop', 'merge_install': False, 'path': '/home/oiomestre674/Turtlebot-teleoperado/src/turtlebot_teleop', 'symlink_install': False, 'test_result_base': None}
[0.731s] INFO:colcon.colcon_core.executor:Executing jobs using 'parallel' executor
[0.732s] DEBUG:colcon.colcon_parallel_executor.executor.parallel:run_until_complete
[0.732s] INFO:colcon.colcon_ros.task.ament_python.build:Building ROS package in '/home/oiomestre674/Turtlebot-teleoperado/src/turtlebot_teleop' with build type 'ament_python'
[0.732s] Level 1:colcon.colcon_core.shell:create_environment_hook('turtlebot_teleop', 'ament_prefix_path')
[0.734s] INFO:colcon.colcon_core.plugin_system:Skipping extension 'colcon_core.shell.bat': Not used on non-Windows systems
[0.734s] INFO:colcon.colcon_core.shell:Creating environment hook '/home/oiomestre674/Turtlebot-teleoperado/install/turtlebot_teleop/share/turtlebot_teleop/hook/ament_prefix_path.ps1'
[0.734s] INFO:colcon.colcon_core.shell:Creating environment descriptor '/home/oiomestre674/Turtlebot-teleoperado/install/turtlebot_teleop/share/turtlebot_teleop/hook/ament_prefix_path.dsv'
[0.735s] INFO:colcon.colcon_core.shell:Creating environment hook '/home/oiomestre674/Turtlebot-teleoperado/install/turtlebot_teleop/share/turtlebot_teleop/hook/ament_prefix_path.sh'
[0.735s] INFO:colcon.colcon_core.shell:Skip shell extension 'powershell' for command environment: Not usable outside of PowerShell
[0.736s] DEBUG:colcon.colcon_core.shell:Skip shell extension 'dsv' for command environment
[1.068s] WARNING:colcon.colcon_ros.task.ament_python.build:Package 'turtlebot_teleop' doesn't explicitly install a marker in the package index (colcon-ros currently does it implicitly but that fallback will be removed in the future)
[1.068s] WARNING:colcon.colcon_ros.task.ament_python.build:Package 'turtlebot_teleop' doesn't explicitly install the 'package.xml' file (colcon-ros currently does it implicitly but that fallback will be removed in the future)
[1.068s] INFO:colcon.colcon_core.task.python.build:Building Python package in '/home/oiomestre674/Turtlebot-teleoperado/src/turtlebot_teleop'
[1.068s] INFO:colcon.colcon_core.shell:Skip shell extension 'powershell' for command environment: Not usable outside of PowerShell
[1.069s] DEBUG:colcon.colcon_core.shell:Skip shell extension 'dsv' for command environment
[1.603s] DEBUG:colcon.colcon_core.event_handler.log_command:Invoking command in '/home/oiomestre674/Turtlebot-teleoperado/src/turtlebot_teleop': PYTHONPATH=/home/oiomestre674/Turtlebot-teleoperado/build/turtlebot_teleop/prefix_override:/home/oiomestre674/Turtlebot-teleoperado/install/turtlebot_teleop/lib/python3.10/site-packages:${PYTHONPATH} /usr/bin/python3 -W ignore:setup.py install is deprecated setup.py egg_info --egg-base ../../build/turtlebot_teleop build --build-base /home/oiomestre674/Turtlebot-teleoperado/build/turtlebot_teleop/build install --record /home/oiomestre674/Turtlebot-teleoperado/build/turtlebot_teleop/install.log --single-version-externally-managed
[1.998s] DEBUG:colcon.colcon_core.event_handler.log_command:Invoked command in '/home/oiomestre674/Turtlebot-teleoperado/src/turtlebot_teleop' returned '0': PYTHONPATH=/home/oiomestre674/Turtlebot-teleoperado/build/turtlebot_teleop/prefix_override:/home/oiomestre674/Turtlebot-teleoperado/install/turtlebot_teleop/lib/python3.10/site-packages:${PYTHONPATH} /usr/bin/python3 -W ignore:setup.py install is deprecated setup.py egg_info --egg-base ../../build/turtlebot_teleop build --build-base /home/oiomestre674/Turtlebot-teleoperado/build/turtlebot_teleop/build install --record /home/oiomestre674/Turtlebot-teleoperado/build/turtlebot_teleop/install.log --single-version-externally-managed
[2.001s] Level 1:colcon.colcon_core.environment:checking '/home/oiomestre674/Turtlebot-teleoperado/install/turtlebot_teleop' for CMake module files
[2.002s] Level 1:colcon.colcon_core.environment:checking '/home/oiomestre674/Turtlebot-teleoperado/install/turtlebot_teleop' for CMake config files
[2.002s] Level 1:colcon.colcon_core.environment:checking '/home/oiomestre674/Turtlebot-teleoperado/install/turtlebot_teleop/lib'
[2.002s] Level 1:colcon.colcon_core.environment:checking '/home/oiomestre674/Turtlebot-teleoperado/install/turtlebot_teleop/bin'
[2.003s] Level 1:colcon.colcon_core.environment:checking '/home/oiomestre674/Turtlebot-teleoperado/install/turtlebot_teleop/lib/pkgconfig/turtlebot_teleop.pc'
[2.003s] Level 1:colcon.colcon_core.environment:checking '/home/oiomestre674/Turtlebot-teleoperado/install/turtlebot_teleop/lib/python3.10/site-packages'
[2.003s] Level 1:colcon.colcon_core.shell:create_environment_hook('turtlebot_teleop', 'pythonpath')
[2.003s] INFO:colcon.colcon_core.shell:Creating environment hook '/home/oiomestre674/Turtlebot-teleoperado/install/turtlebot_teleop/share/turtlebot_teleop/hook/pythonpath.ps1'
[2.004s] INFO:colcon.colcon_core.shell:Creating environment descriptor '/home/oiomestre674/Turtlebot-teleoperado/install/turtlebot_teleop/share/turtlebot_teleop/hook/pythonpath.dsv'
[2.004s] INFO:colcon.colcon_core.shell:Creating environment hook '/home/oiomestre674/Turtlebot-teleoperado/install/turtlebot_teleop/share/turtlebot_teleop/hook/pythonpath.sh'
[2.005s] Level 1:colcon.colcon_core.environment:checking '/home/oiomestre674/Turtlebot-teleoperado/install/turtlebot_teleop/bin'
[2.005s] Level 1:colcon.colcon_core.environment:create_environment_scripts_only(turtlebot_teleop)
[2.005s] INFO:colcon.colcon_core.shell:Creating package script '/home/oiomestre674/Turtlebot-teleoperado/install/turtlebot_teleop/share/turtlebot_teleop/package.ps1'
[2.006s] INFO:colcon.colcon_core.shell:Creating package descriptor '/home/oiomestre674/Turtlebot-teleoperado/install/turtlebot_teleop/share/turtlebot_teleop/package.dsv'
[2.006s] INFO:colcon.colcon_core.shell:Creating package script '/home/oiomestre674/Turtlebot-teleoperado/install/turtlebot_teleop/share/turtlebot_teleop/package.sh'
[2.007s] INFO:colcon.colcon_core.shell:Creating package script '/home/oiomestre674/Turtlebot-teleoperado/install/turtlebot_teleop/share/turtlebot_teleop/package.bash'
[2.007s] INFO:colcon.colcon_core.shell:Creating package script '/home/oiomestre674/Turtlebot-teleoperado/install/turtlebot_teleop/share/turtlebot_teleop/package.zsh'
[2.008s] Level 1:colcon.colcon_core.environment:create_file_with_runtime_dependencies(/home/oiomestre674/Turtlebot-teleoperado/install/turtlebot_teleop/share/colcon-core/packages/turtlebot_teleop)
[2.008s] DEBUG:colcon.colcon_parallel_executor.executor.parallel:closing loop
[2.008s] DEBUG:colcon.colcon_parallel_executor.executor.parallel:loop closed
[2.009s] DEBUG:colcon.colcon_parallel_executor.executor.parallel:run_until_complete finished with '0'
[2.009s] DEBUG:colcon.colcon_core.event_reactor:joining thread
[2.014s] INFO:colcon.colcon_core.plugin_system:Skipping extension 'colcon_notification.desktop_notification.terminal_notifier': Not used on non-Darwin systems
[2.014s] INFO:colcon.colcon_core.plugin_system:Skipping extension 'colcon_notification.desktop_notification.win32': Not used on non-Windows systems
[2.014s] INFO:colcon.colcon_notification.desktop_notification:Sending desktop notification using 'notify2'
[2.025s] DEBUG:colcon.colcon_core.event_reactor:joined thread
[2.026s] INFO:colcon.colcon_core.shell:Creating prefix script '/home/oiomestre674/Turtlebot-teleoperado/install/local_setup.ps1'
[2.026s] INFO:colcon.colcon_core.shell:Creating prefix util module '/home/oiomestre674/Turtlebot-teleoperado/install/_local_setup_util_ps1.py'
[2.028s] INFO:colcon.colcon_core.shell:Creating prefix chain script '/home/oiomestre674/Turtlebot-teleoperado/install/setup.ps1'
[2.029s] INFO:colcon.colcon_core.shell:Creating prefix script '/home/oiomestre674/Turtlebot-teleoperado/install/local_setup.sh'
[2.029s] INFO:colcon.colcon_core.shell:Creating prefix util module '/home/oiomestre674/Turtlebot-teleoperado/install/_local_setup_util_sh.py'
[2.030s] INFO:colcon.colcon_core.shell:Creating prefix chain script '/home/oiomestre674/Turtlebot-teleoperado/install/setup.sh'
[2.031s] INFO:colcon.colcon_core.shell:Creating prefix script '/home/oiomestre674/Turtlebot-teleoperado/install/local_setup.bash'
[2.031s] INFO:colcon.colcon_core.shell:Creating prefix chain script '/home/oiomestre674/Turtlebot-teleoperado/install/setup.bash'
[2.032s] INFO:colcon.colcon_core.shell:Creating prefix script '/home/oiomestre674/Turtlebot-teleoperado/install/local_setup.zsh'
[2.033s] INFO:colcon.colcon_core.shell:Creating prefix chain script '/home/oiomestre674/Turtlebot-teleoperado/install/setup.zsh'
