[0.574s] Invoking command in '/home/oiomestre674/Turtlebot-teleoperado/src/turtlebot_teleop': PYTHONPATH=/home/oiomestre674/Turtlebot-teleoperado/build/turtlebot_teleop/prefix_override:/home/oiomestre674/Turtlebot-teleoperado/install/turtlebot_teleop/lib/python3.10/site-packages:${PYTHONPATH} /usr/bin/python3 -W ignore:setup.py install is deprecated setup.py egg_info --egg-base ../../build/turtlebot_teleop build --build-base /home/oiomestre674/Turtlebot-teleoperado/build/turtlebot_teleop/build install --record /home/oiomestre674/Turtlebot-teleoperado/build/turtlebot_teleop/install.log --single-version-externally-managed
[0.955s] running egg_info
[0.955s] writing ../../build/turtlebot_teleop/turtlebot_teleop.egg-info/PKG-INFO
[0.955s] writing dependency_links to ../../build/turtlebot_teleop/turtlebot_teleop.egg-info/dependency_links.txt
[0.955s] writing entry points to ../../build/turtlebot_teleop/turtlebot_teleop.egg-info/entry_points.txt
[0.956s] writing requirements to ../../build/turtlebot_teleop/turtlebot_teleop.egg-info/requires.txt
[0.956s] writing top-level names to ../../build/turtlebot_teleop/turtlebot_teleop.egg-info/top_level.txt
[0.957s] reading manifest file '../../build/turtlebot_teleop/turtlebot_teleop.egg-info/SOURCES.txt'
[0.958s] writing manifest file '../../build/turtlebot_teleop/turtlebot_teleop.egg-info/SOURCES.txt'
[0.958s] running build
[0.958s] running build_py
[0.958s] copying turtlebot_teleop/image_subscriber.py -> /home/oiomestre674/Turtlebot-teleoperado/build/turtlebot_teleop/build/lib/turtlebot_teleop
[0.959s] running install
[0.959s] running install_lib
[0.960s] copying /home/oiomestre674/Turtlebot-teleoperado/build/turtlebot_teleop/build/lib/turtlebot_teleop/image_subscriber.py -> /home/oiomestre674/Turtlebot-teleoperado/install/turtlebot_teleop/lib/python3.10/site-packages/turtlebot_teleop
[0.960s] byte-compiling /home/oiomestre674/Turtlebot-teleoperado/install/turtlebot_teleop/lib/python3.10/site-packages/turtlebot_teleop/image_subscriber.py to image_subscriber.cpython-310.pyc
[0.961s] running install_egg_info
[0.962s] removing '/home/oiomestre674/Turtlebot-teleoperado/install/turtlebot_teleop/lib/python3.10/site-packages/turtlebot_teleop-0.0.0-py3.10.egg-info' (and everything under it)
[0.962s] Copying ../../build/turtlebot_teleop/turtlebot_teleop.egg-info to /home/oiomestre674/Turtlebot-teleoperado/install/turtlebot_teleop/lib/python3.10/site-packages/turtlebot_teleop-0.0.0-py3.10.egg-info
[0.963s] running install_scripts
[0.981s] Installing image_publisher script to /home/oiomestre674/Turtlebot-teleoperado/install/turtlebot_teleop/lib/turtlebot_teleop
[0.981s] Installing image_subscriber script to /home/oiomestre674/Turtlebot-teleoperado/install/turtlebot_teleop/lib/turtlebot_teleop
[0.981s] Installing obstacle_detection script to /home/oiomestre674/Turtlebot-teleoperado/install/turtlebot_teleop/lib/turtlebot_teleop
[0.981s] Installing teleop_interface script to /home/oiomestre674/Turtlebot-teleoperado/install/turtlebot_teleop/lib/turtlebot_teleop
[0.981s] Installing teleop_node script to /home/oiomestre674/Turtlebot-teleoperado/install/turtlebot_teleop/lib/turtlebot_teleop
[0.982s] writing list of installed files to '/home/oiomestre674/Turtlebot-teleoperado/build/turtlebot_teleop/install.log'
[1.001s] Invoked command in '/home/oiomestre674/Turtlebot-teleoperado/src/turtlebot_teleop' returned '0': PYTHONPATH=/home/oiomestre674/Turtlebot-teleoperado/build/turtlebot_teleop/prefix_override:/home/oiomestre674/Turtlebot-teleoperado/install/turtlebot_teleop/lib/python3.10/site-packages:${PYTHONPATH} /usr/bin/python3 -W ignore:setup.py install is deprecated setup.py egg_info --egg-base ../../build/turtlebot_teleop build --build-base /home/oiomestre674/Turtlebot-teleoperado/build/turtlebot_teleop/build install --record /home/oiomestre674/Turtlebot-teleoperado/build/turtlebot_teleop/install.log --single-version-externally-managed
